<?xml version="1.0" encoding="UTF-8"?>
<!-- Generated by org.testng.reporters.JUnitReportReporter -->
<testsuite hostname="DESKTOP-2KNJHJ9" failures="0" tests="1" name="com.Hackatone.TestClasses.GiftCard" time="66.613" errors="0" timestamp="2021-03-23T11:06:14 IST" skipped="0">
  <testcase classname="com.Hackatone.TestClasses.GiftCard" name="testForGiftCards" time="66.613"/>
  <system-out/>
</testsuite> <!-- com.Hackatone.TestClasses.GiftCard -->
